Performing C SOURCE FILE Test CMAKE_HAVE_LIBC_PTHREAD failed with the following output:
Change Dir: /mnt/e/WorkSpace/CPlusPlus/lightning/cmake-build-release/CMakeFiles/CMakeTmp

Run Build Command(s):/usr/bin/make cmTC_3cf7a/fast && /usr/bin/make -f CMakeFiles/cmTC_3cf7a.dir/build.make CMakeFiles/cmTC_3cf7a.dir/build
make[1]: Entering directory '/mnt/e/WorkSpace/CPlusPlus/lightning/cmake-build-release/CMakeFiles/CMakeTmp'
Building C object CMakeFiles/cmTC_3cf7a.dir/src.c.o
/usr/bin/cc   -DCMAKE_HAVE_LIBC_PTHREAD   -o CMakeFiles/cmTC_3cf7a.dir/src.c.o   -c /mnt/e/WorkSpace/CPlusPlus/lightning/cmake-build-release/CMakeFiles/CMakeTmp/src.c
Linking C executable cmTC_3cf7a
/usr/bin/cmake -E cmake_link_script CMakeFiles/cmTC_3cf7a.dir/link.txt --verbose=1
/usr/bin/cc  -DCMAKE_HAVE_LIBC_PTHREAD    CMakeFiles/cmTC_3cf7a.dir/src.c.o  -o cmTC_3cf7a 
/usr/bin/ld: CMakeFiles/cmTC_3cf7a.dir/src.c.o: in function `main':
src.c:(.text+0x46): undefined reference to `pthread_create'
/usr/bin/ld: src.c:(.text+0x52): undefined reference to `pthread_detach'
/usr/bin/ld: src.c:(.text+0x63): undefined reference to `pthread_join'
collect2: error: ld returned 1 exit status
make[1]: *** [CMakeFiles/cmTC_3cf7a.dir/build.make:87: cmTC_3cf7a] Error 1
make[1]: Leaving directory '/mnt/e/WorkSpace/CPlusPlus/lightning/cmake-build-release/CMakeFiles/CMakeTmp'
make: *** [Makefile:121: cmTC_3cf7a/fast] Error 2


Source file was:
#include <pthread.h>

void* test_func(void* data)
{
  return data;
}

int main(void)
{
  pthread_t thread;
  pthread_create(&thread, NULL, test_func, NULL);
  pthread_detach(thread);
  pthread_join(thread, NULL);
  pthread_atfork(NULL, NULL, NULL);
  pthread_exit(NULL);

  return 0;
}

Determining if the function pthread_create exists in the pthreads failed with the following output:
Change Dir: /mnt/e/WorkSpace/CPlusPlus/lightning/cmake-build-release/CMakeFiles/CMakeTmp

Run Build Command(s):/usr/bin/make cmTC_b4ad5/fast && /usr/bin/make -f CMakeFiles/cmTC_b4ad5.dir/build.make CMakeFiles/cmTC_b4ad5.dir/build
make[1]: Entering directory '/mnt/e/WorkSpace/CPlusPlus/lightning/cmake-build-release/CMakeFiles/CMakeTmp'
Building C object CMakeFiles/cmTC_b4ad5.dir/CheckFunctionExists.c.o
/usr/bin/cc   -DCHECK_FUNCTION_EXISTS=pthread_create   -o CMakeFiles/cmTC_b4ad5.dir/CheckFunctionExists.c.o   -c /usr/share/cmake-3.16/Modules/CheckFunctionExists.c
Linking C executable cmTC_b4ad5
/usr/bin/cmake -E cmake_link_script CMakeFiles/cmTC_b4ad5.dir/link.txt --verbose=1
/usr/bin/cc  -DCHECK_FUNCTION_EXISTS=pthread_create    CMakeFiles/cmTC_b4ad5.dir/CheckFunctionExists.c.o  -o cmTC_b4ad5  -lpthreads 
/usr/bin/ld: cannot find -lpthreads
collect2: error: ld returned 1 exit status
make[1]: *** [CMakeFiles/cmTC_b4ad5.dir/build.make:87: cmTC_b4ad5] Error 1
make[1]: Leaving directory '/mnt/e/WorkSpace/CPlusPlus/lightning/cmake-build-release/CMakeFiles/CMakeTmp'
make: *** [Makefile:121: cmTC_b4ad5/fast] Error 2



Determining if the function sgemm_ exists failed with the following output:
Change Dir: /mnt/e/WorkSpace/CPlusPlus/lightning/cmake-build-release/CMakeFiles/CMakeTmp

Run Build Command(s):/usr/bin/make cmTC_3761c/fast && /usr/bin/make -f CMakeFiles/cmTC_3761c.dir/build.make CMakeFiles/cmTC_3761c.dir/build
make[1]: Entering directory '/mnt/e/WorkSpace/CPlusPlus/lightning/cmake-build-release/CMakeFiles/CMakeTmp'
Building C object CMakeFiles/cmTC_3761c.dir/CheckFunctionExists.c.o
/usr/bin/cc   -DCHECK_FUNCTION_EXISTS=sgemm_   -o CMakeFiles/cmTC_3761c.dir/CheckFunctionExists.c.o   -c /usr/share/cmake-3.16/Modules/CheckFunctionExists.c
Linking C executable cmTC_3761c
/usr/bin/cmake -E cmake_link_script CMakeFiles/cmTC_3761c.dir/link.txt --verbose=1
/usr/bin/cc  -DCHECK_FUNCTION_EXISTS=sgemm_    CMakeFiles/cmTC_3761c.dir/CheckFunctionExists.c.o  -o cmTC_3761c 
/usr/bin/ld: CMakeFiles/cmTC_3761c.dir/CheckFunctionExists.c.o: in function `main':
CheckFunctionExists.c:(.text+0x14): undefined reference to `sgemm_'
collect2: error: ld returned 1 exit status
make[1]: *** [CMakeFiles/cmTC_3761c.dir/build.make:87: cmTC_3761c] Error 1
make[1]: Leaving directory '/mnt/e/WorkSpace/CPlusPlus/lightning/cmake-build-release/CMakeFiles/CMakeTmp'
make: *** [Makefile:121: cmTC_3761c/fast] Error 2



Determining if the function sgemm_ exists failed with the following output:
Change Dir: /mnt/e/WorkSpace/CPlusPlus/lightning/cmake-build-release/CMakeFiles/CMakeTmp

Run Build Command(s):/usr/bin/make cmTC_966fd/fast && /usr/bin/make -f CMakeFiles/cmTC_966fd.dir/build.make CMakeFiles/cmTC_966fd.dir/build
make[1]: Entering directory '/mnt/e/WorkSpace/CPlusPlus/lightning/cmake-build-release/CMakeFiles/CMakeTmp'
Building C object CMakeFiles/cmTC_966fd.dir/CheckFunctionExists.c.o
/usr/bin/cc   -DCHECK_FUNCTION_EXISTS=sgemm_   -o CMakeFiles/cmTC_966fd.dir/CheckFunctionExists.c.o   -c /usr/share/cmake-3.16/Modules/CheckFunctionExists.c
Linking C executable cmTC_966fd
/usr/bin/cmake -E cmake_link_script CMakeFiles/cmTC_966fd.dir/link.txt --verbose=1
/usr/bin/cc  -DCHECK_FUNCTION_EXISTS=sgemm_    CMakeFiles/cmTC_966fd.dir/CheckFunctionExists.c.o  -o cmTC_966fd  /usr/local/lib/libopenblas.a 
/usr/bin/ld: /usr/local/lib/libopenblas.a(blas_server.c.o): in function `openblas_setaffinity':
blas_server.c:(.text+0x385): undefined reference to `pthread_setaffinity_np'
/usr/bin/ld: /usr/local/lib/libopenblas.a(blas_server.c.o): in function `openblas_getaffinity':
blas_server.c:(.text+0x40b): undefined reference to `pthread_getaffinity_np'
/usr/bin/ld: /usr/local/lib/libopenblas.a(blas_server.c.o): in function `blas_thread_init':
blas_server.c:(.text+0x8f5): undefined reference to `pthread_create'
/usr/bin/ld: /usr/local/lib/libopenblas.a(blas_server.c.o): in function `goto_set_num_threads':
blas_server.c:(.text+0xf91): undefined reference to `pthread_create'
/usr/bin/ld: /usr/local/lib/libopenblas.a(blas_server.c.o): in function `blas_thread_shutdown_':
blas_server.c:(.text+0x13bb): undefined reference to `pthread_join'
collect2: error: ld returned 1 exit status
make[1]: *** [CMakeFiles/cmTC_966fd.dir/build.make:88: cmTC_966fd] Error 1
make[1]: Leaving directory '/mnt/e/WorkSpace/CPlusPlus/lightning/cmake-build-release/CMakeFiles/CMakeTmp'
make: *** [Makefile:121: cmTC_966fd/fast] Error 2



